<?xml version="1.0" encoding="UTF-8"?>
<!-- Generated by org.testng.reporters.JUnitXMLReporter -->
<testsuite ignored="0" hostname="BINTERNS-QA34L" failures="1" tests="32" name="Default test" time="147.759" errors="0" timestamp="2023-05-17T10:56:21 IST">
  <testcase classname="amazon.amazon_Test.Testdata" name="accesibility" time="0.051"/>
  <testcase classname="amazon.amazon_Test.Testdata" name="logovisiblity" time="0.254"/>
  <testcase classname="amazon.amazon_Test.Testdata" name="Iconlocationvisiblity" time="0.094"/>
  <testcase classname="amazon.amazon_Test.Testdata" name="Iconsearchbox" time="0.073"/>
  <testcase classname="amazon.amazon_Test.Testdata" name="Iconsignin" time="0.067"/>
  <testcase classname="amazon.amazon_Test.Testdata" name="Iconmenu" time="0.086"/>
  <testcase classname="amazon.amazon_Test.Testdata" name="Iconminitv" time="0.069"/>
  <testcase classname="amazon.amazon_Test.Testdata" name="Iconsell" time="0.062"/>
  <testcase classname="amazon.amazon_Test.Testdata" name="Iconbestsell" time="0.062"/>
  <testcase classname="amazon.amazon_Test.Testdata" name="Iconmobiles" time="0.063"/>
  <testcase classname="amazon.amazon_Test.Testdata" name="click" time="4.623"/>
  <testcase classname="amazon.amazon_Test.Testdata" name="Iconcart" time="4.732"/>
  <testcase classname="amazon.amazon_Test.Testdata" name="Iconmenu1" time="8.268"/>
  <testcase classname="amazon.amazon_Test.Testdata" name="Iconminitv1" time="8.805"/>
  <testcase classname="amazon.amazon_Test.Testdata" name="Iconsell1" time="10.281"/>
  <testcase classname="amazon.amazon_Test.Testdata" name="Iconmobiles1" time="65.439"/>
  <testcase classname="amazon.amazon_Test.Testdata" name="Click" time="0.196"/>
  <testcase classname="amazon.amazon_Test.Testdata" name="Clicksubmit" time="1.979"/>
  <testcase classname="amazon.amazon_Test.Testdata" name="Iphone" time="10.036">
    <failure type="org.openqa.selenium.NoSuchElementException" message="no such element: Unable to locate element: {&amp;quot;method&amp;quot;:&amp;quot;xpath&amp;quot;,&amp;quot;selector&amp;quot;:&amp;quot;//*[@id=&amp;quot;search&amp;quot;]/div[1]/div[1]/div/span[1]/div[1]/div[2]/div/div/div/div/div/div[2]/div/div/div[1]/h2/a/span&amp;quot;}
  (Session info: chrome=113.0.5672.93)
For documentation on this error, please visit: https://selenium.dev/exceptions/#no_such_element
Build info: version: &amp;apos;4.8.1&amp;apos;, revision: &amp;apos;8ebccac989&amp;apos;
System info: os.name: &amp;apos;Windows 10&amp;apos;, os.arch: &amp;apos;amd64&amp;apos;, os.version: &amp;apos;10.0&amp;apos;, java.version: &amp;apos;17.0.5&amp;apos;
Driver info: org.openqa.selenium.chrome.ChromeDriver
Command: [0f076fcbc1982e26f403aad735ce0297, findElement {using=xpath, value=//*[@id=&amp;quot;search&amp;quot;]/div[1]/div[1]/div/span[1]/div[1]/div[2]/div/div/div/div/div/div[2]/div/div/div[1]/h2/a/span}]
Capabilities {acceptInsecureCerts: false, browserName: chrome, browserVersion: 113.0.5672.93, chrome: {chromedriverVersion: 113.0.5672.63 (0e1a4471d5ae..., userDataDir: C:\Users\ACHAUD~1\AppData\L...}, goog:chromeOptions: {debuggerAddress: localhost:60023}, networkConnectionEnabled: false, pageLoadStrategy: normal, platformName: WINDOWS, proxy: Proxy(), se:cdp: ws://localhost:60023/devtoo..., se:cdpVersion: 113.0.5672.93, setWindowRect: true, strictFileInteractability: false, timeouts: {implicit: 0, pageLoad: 300000, script: 30000}, unhandledPromptBehavior: dismiss and notify, webauthn:extension:credBlob: true, webauthn:extension:largeBlob: true, webauthn:extension:minPinLength: true, webauthn:extension:prf: true, webauthn:virtualAuthenticators: true}
Session ID: 0f076fcbc1982e26f403aad735ce0297">
      <![CDATA[org.openqa.selenium.NoSuchElementException: no such element: Unable to locate element: {"method":"xpath","selector":"//*[@id="search"]/div[1]/div[1]/div/span[1]/div[1]/div[2]/div/div/div/div/div/div[2]/div/div/div[1]/h2/a/span"}
  (Session info: chrome=113.0.5672.93)
For documentation on this error, please visit: https://selenium.dev/exceptions/#no_such_element
Build info: version: '4.8.1', revision: '8ebccac989'
System info: os.name: 'Windows 10', os.arch: 'amd64', os.version: '10.0', java.version: '17.0.5'
Driver info: org.openqa.selenium.chrome.ChromeDriver
Command: [0f076fcbc1982e26f403aad735ce0297, findElement {using=xpath, value=//*[@id="search"]/div[1]/div[1]/div/span[1]/div[1]/div[2]/div/div/div/div/div/div[2]/div/div/div[1]/h2/a/span}]
Capabilities {acceptInsecureCerts: false, browserName: chrome, browserVersion: 113.0.5672.93, chrome: {chromedriverVersion: 113.0.5672.63 (0e1a4471d5ae..., userDataDir: C:\Users\ACHAUD~1\AppData\L...}, goog:chromeOptions: {debuggerAddress: localhost:60023}, networkConnectionEnabled: false, pageLoadStrategy: normal, platformName: WINDOWS, proxy: Proxy(), se:cdp: ws://localhost:60023/devtoo..., se:cdpVersion: 113.0.5672.93, setWindowRect: true, strictFileInteractability: false, timeouts: {implicit: 0, pageLoad: 300000, script: 30000}, unhandledPromptBehavior: dismiss and notify, webauthn:extension:credBlob: true, webauthn:extension:largeBlob: true, webauthn:extension:minPinLength: true, webauthn:extension:prf: true, webauthn:virtualAuthenticators: true}
Session ID: 0f076fcbc1982e26f403aad735ce0297
at java.base/jdk.internal.reflect.NativeConstructorAccessorImpl.newInstance0(Native Method)
at java.base/jdk.internal.reflect.NativeConstructorAccessorImpl.newInstance(NativeConstructorAccessorImpl.java:77)
at java.base/jdk.internal.reflect.DelegatingConstructorAccessorImpl.newInstance(DelegatingConstructorAccessorImpl.java:45)
at java.base/java.lang.reflect.Constructor.newInstanceWithCaller(Constructor.java:499)
at java.base/java.lang.reflect.Constructor.newInstance(Constructor.java:480)
at org.openqa.selenium.remote.codec.w3c.W3CHttpResponseCodec.createException(W3CHttpResponseCodec.java:200)
at org.openqa.selenium.remote.codec.w3c.W3CHttpResponseCodec.decode(W3CHttpResponseCodec.java:133)
at org.openqa.selenium.remote.codec.w3c.W3CHttpResponseCodec.decode(W3CHttpResponseCodec.java:53)
at org.openqa.selenium.remote.HttpCommandExecutor.execute(HttpCommandExecutor.java:184)
at org.openqa.selenium.remote.service.DriverCommandExecutor.invokeExecute(DriverCommandExecutor.java:167)
at org.openqa.selenium.remote.service.DriverCommandExecutor.execute(DriverCommandExecutor.java:142)
at org.openqa.selenium.remote.RemoteWebDriver.execute(RemoteWebDriver.java:543)
at org.openqa.selenium.remote.ElementLocation$ElementFinder$2.findElement(ElementLocation.java:162)
at org.openqa.selenium.remote.ElementLocation.findElement(ElementLocation.java:60)
at org.openqa.selenium.remote.RemoteWebDriver.findElement(RemoteWebDriver.java:352)
at org.openqa.selenium.remote.RemoteWebDriver.findElement(RemoteWebDriver.java:344)
at org.openqa.selenium.support.pagefactory.DefaultElementLocator.findElement(DefaultElementLocator.java:70)
at org.openqa.selenium.support.pagefactory.internal.LocatingElementHandler.invoke(LocatingElementHandler.java:39)
at jdk.proxy2/jdk.proxy2.$Proxy18.click(Unknown Source)
at amazon.amazon_Test.Testdata.Iphone(Testdata.java:369)
at java.base/jdk.internal.reflect.NativeMethodAccessorImpl.invoke0(Native Method)
at java.base/jdk.internal.reflect.NativeMethodAccessorImpl.invoke(NativeMethodAccessorImpl.java:77)
at java.base/jdk.internal.reflect.DelegatingMethodAccessorImpl.invoke(DelegatingMethodAccessorImpl.java:43)
at java.base/java.lang.reflect.Method.invoke(Method.java:568)
at org.testng.internal.MethodInvocationHelper.invokeMethod(MethodInvocationHelper.java:133)
at org.testng.internal.TestInvoker.invokeMethod(TestInvoker.java:598)
at org.testng.internal.TestInvoker.invokeTestMethod(TestInvoker.java:173)
at org.testng.internal.MethodRunner.runInSequence(MethodRunner.java:46)
at org.testng.internal.TestInvoker$MethodInvocationAgent.invoke(TestInvoker.java:824)
at org.testng.internal.TestInvoker.invokeTestMethods(TestInvoker.java:146)
at org.testng.internal.TestMethodWorker.invokeTestMethods(TestMethodWorker.java:146)
at org.testng.internal.TestMethodWorker.run(TestMethodWorker.java:128)
at java.base/java.util.ArrayList.forEach(ArrayList.java:1511)
at org.testng.TestRunner.privateRun(TestRunner.java:794)
at org.testng.TestRunner.run(TestRunner.java:596)
at org.testng.SuiteRunner.runTest(SuiteRunner.java:377)
at org.testng.SuiteRunner.runSequentially(SuiteRunner.java:371)
at org.testng.SuiteRunner.privateRun(SuiteRunner.java:332)
at org.testng.SuiteRunner.run(SuiteRunner.java:276)
at org.testng.SuiteRunnerWorker.runSuite(SuiteRunnerWorker.java:53)
at org.testng.SuiteRunnerWorker.run(SuiteRunnerWorker.java:96)
at org.testng.TestNG.runSuitesSequentially(TestNG.java:1212)
at org.testng.TestNG.runSuitesLocally(TestNG.java:1134)
at org.testng.TestNG.runSuites(TestNG.java:1063)
at org.testng.TestNG.run(TestNG.java:1031)
at org.testng.remote.AbstractRemoteTestNG.run(AbstractRemoteTestNG.java:115)
at org.testng.remote.RemoteTestNG.initAndRun(RemoteTestNG.java:251)
at org.testng.remote.RemoteTestNG.main(RemoteTestNG.java:77)
]]>
    </failure>
  </testcase> <!-- Iphone -->
  <testcase classname="amazon.amazon_Test.Testdata" name="cart" time="2.336"/>
  <testcase classname="amazon.amazon_Test.Testdata" name="returnorder" time="2.191"/>
  <testcase classname="amazon.amazon_Test.Testdata" name="down" time="0.418"/>
  <testcase classname="amazon.amazon_Test.Testdata" name="backtoup" time="0.544"/>
  <testcase classname="amazon.amazon_Test.Testdata" name="Iconsignin1" time="4.826"/>
  <testcase classname="amazon.amazon_Test.Testdata" name="Continue" time="4.177"/>
  <testcase classname="amazon.amazon_Test.Testdata" name="Email" time="0.495"/>
  <testcase classname="amazon.amazon_Test.Testdata" name="Continue1" time="1.434"/>
  <testcase classname="amazon.amazon_Test.Testdata" name="signinbutton" time="0.556"/>
  <testcase classname="amazon.amazon_Test.Testdata" name="password" time="4.521"/>
  <testcase classname="amazon.amazon_Test.Testdata" name="signinbutton1" time="2.224"/>
  <testcase classname="amazon.amazon_Test.Testdata" name="forgotpassword" time="2.425"/>
  <testcase classname="amazon.amazon_Test.Testdata" name="Continue2" time="5.88"/>
</testsuite> <!-- Default test -->
